<?xml version="1.0" encoding="UTF-8"?>
<coverage generated="1573674629649" clover="3.2.0">
  <project timestamp="1573674629649" name="All files">
    <metrics statements="46" coveredstatements="46" conditionals="38" coveredconditionals="36" methods="12" coveredmethods="12" elements="96" coveredelements="94" complexity="0" loc="46" ncloc="46" packages="1" files="2" classes="2"/>
    <file name="index.js" path="/Users/cblack89/projects/deep-cleaner/index.js">
      <metrics statements="27" coveredstatements="27" conditionals="24" coveredconditionals="23" methods="4" coveredmethods="4"/>
      <line num="8" count="1" type="stmt"/>
      <line num="25" count="10" type="stmt"/>
      <line num="29" count="113" type="cond" truecount="2" falsecount="0"/>
      <line num="31" count="42" type="cond" truecount="2" falsecount="0"/>
      <line num="32" count="8" type="stmt"/>
      <line num="38" count="34" type="stmt"/>
      <line num="40" count="34" type="stmt"/>
      <line num="41" count="87" type="cond" truecount="2" falsecount="0"/>
      <line num="45" count="29" type="stmt"/>
      <line num="47" count="58" type="stmt"/>
      <line num="50" count="87" type="cond" truecount="4" falsecount="0"/>
      <line num="51" count="12" type="stmt"/>
      <line num="56" count="71" type="cond" truecount="2" falsecount="0"/>
      <line num="57" count="16" type="stmt"/>
      <line num="58" count="16" type="stmt"/>
      <line num="59" count="45" type="stmt"/>
      <line num="61" count="45" type="cond" truecount="4" falsecount="0"/>
      <line num="62" count="10" type="stmt"/>
      <line num="64" count="35" type="stmt"/>
      <line num="70" count="10" type="stmt"/>
      <line num="79" count="2" type="stmt"/>
      <line num="80" count="5" type="stmt"/>
      <line num="91" count="7" type="cond" truecount="2" falsecount="0"/>
      <line num="92" count="2" type="stmt"/>
      <line num="94" count="5" type="stmt"/>
      <line num="97" count="7" type="stmt"/>
      <line num="100" count="1" type="stmt"/>
    </file>
    <file name="utils.js" path="/Users/cblack89/projects/deep-cleaner/utils.js">
      <metrics statements="19" coveredstatements="19" conditionals="14" coveredconditionals="13" methods="8" coveredmethods="8"/>
      <line num="11" count="2" type="stmt"/>
      <line num="12" count="437" type="stmt"/>
      <line num="20" count="2" type="stmt"/>
      <line num="21" count="144" type="cond" truecount="1" falsecount="1"/>
      <line num="29" count="2" type="stmt"/>
      <line num="30" count="173" type="stmt"/>
      <line num="45" count="2" type="stmt"/>
      <line num="46" count="10" type="cond" truecount="2" falsecount="0"/>
      <line num="47" count="1" type="stmt"/>
      <line num="49" count="9" type="cond" truecount="2" falsecount="0"/>
      <line num="57" count="2" type="stmt"/>
      <line num="58" count="72" type="stmt"/>
      <line num="66" count="2" type="stmt"/>
      <line num="67" count="86" type="stmt"/>
      <line num="75" count="2" type="stmt"/>
      <line num="76" count="100" type="stmt"/>
      <line num="87" count="2" type="stmt"/>
      <line num="88" count="86" type="stmt"/>
      <line num="97" count="2" type="stmt"/>
    </file>
  </project>
</coverage>
