{"/Users/cblack89/projects/deep-cleaner/index.js": {"path":"/Users/cblack89/projects/deep-cleaner/index.js","statementMap":{"0":{"start":{"line":8,"column":14},"end":{"line":8,"column":32}},"1":{"start":{"line":25,"column":25},"end":{"line":25,"column":38}},"2":{"start":{"line":29,"column":4},"end":{"line":67,"column":5}},"3":{"start":{"line":31,"column":6},"end":{"line":33,"column":7}},"4":{"start":{"line":32,"column":8},"end":{"line":32,"column":14}},"5":{"start":{"line":38,"column":6},"end":{"line":38,"column":35}},"6":{"start":{"line":40,"column":6},"end":{"line":53,"column":7}},"7":{"start":{"line":41,"column":8},"end":{"line":48,"column":9}},"8":{"start":{"line":45,"column":10},"end":{"line":45,"column":25}},"9":{"start":{"line":47,"column":10},"end":{"line":47,"column":34}},"10":{"start":{"line":50,"column":8},"end":{"line":52,"column":9}},"11":{"start":{"line":51,"column":10},"end":{"line":51,"column":25}},"12":{"start":{"line":56,"column":11},"end":{"line":67,"column":5}},"13":{"start":{"line":57,"column":14},"end":{"line":57,"column":15}},"14":{"start":{"line":58,"column":6},"end":{"line":66,"column":7}},"15":{"start":{"line":59,"column":8},"end":{"line":59,"column":30}},"16":{"start":{"line":61,"column":8},"end":{"line":65,"column":9}},"17":{"start":{"line":62,"column":10},"end":{"line":62,"column":26}},"18":{"start":{"line":64,"column":10},"end":{"line":64,"column":13}},"19":{"start":{"line":70,"column":2},"end":{"line":70,"column":24}},"20":{"start":{"line":79,"column":2},"end":{"line":81,"column":3}},"21":{"start":{"line":80,"column":4},"end":{"line":80,"column":31}},"22":{"start":{"line":91,"column":2},"end":{"line":95,"column":3}},"23":{"start":{"line":92,"column":4},"end":{"line":92,"column":30}},"24":{"start":{"line":94,"column":4},"end":{"line":94,"column":34}},"25":{"start":{"line":97,"column":2},"end":{"line":97,"column":12}},"26":{"start":{"line":100,"column":0},"end":{"line":100,"column":28}}},"fnMap":{"0":{"name":"cleanCyclicObject","decl":{"start":{"line":24,"column":9},"end":{"line":24,"column":26}},"loc":{"start":{"line":24,"column":51},"end":{"line":71,"column":1}},"line":24},"1":{"name":"recursiveClean","decl":{"start":{"line":27,"column":11},"end":{"line":27,"column":25}},"loc":{"start":{"line":27,"column":32},"end":{"line":68,"column":3}},"line":27},"2":{"name":"removeKeyLoop","decl":{"start":{"line":78,"column":9},"end":{"line":78,"column":22}},"loc":{"start":{"line":78,"column":35},"end":{"line":82,"column":1}},"line":78},"3":{"name":"deepCleaner","decl":{"start":{"line":90,"column":9},"end":{"line":90,"column":20}},"loc":{"start":{"line":90,"column":42},"end":{"line":98,"column":1}},"line":90}},"branchMap":{"0":{"loc":{"start":{"line":24,"column":36},"end":{"line":24,"column":49}},"type":"default-arg","locations":[{"start":{"line":24,"column":45},"end":{"line":24,"column":49}}],"line":24},"1":{"loc":{"start":{"line":29,"column":4},"end":{"line":67,"column":5}},"type":"if","locations":[{"start":{"line":29,"column":4},"end":{"line":67,"column":5}},{"start":{"line":29,"column":4},"end":{"line":67,"column":5}}],"line":29},"2":{"loc":{"start":{"line":31,"column":6},"end":{"line":33,"column":7}},"type":"if","locations":[{"start":{"line":31,"column":6},"end":{"line":33,"column":7}},{"start":{"line":31,"column":6},"end":{"line":33,"column":7}}],"line":31},"3":{"loc":{"start":{"line":41,"column":8},"end":{"line":48,"column":9}},"type":"if","locations":[{"start":{"line":41,"column":8},"end":{"line":48,"column":9}},{"start":{"line":41,"column":8},"end":{"line":48,"column":9}}],"line":41},"4":{"loc":{"start":{"line":42,"column":10},"end":{"line":43,"column":46}},"type":"binary-expr","locations":[{"start":{"line":42,"column":11},"end":{"line":42,"column":17}},{"start":{"line":42,"column":21},"end":{"line":42,"column":35}},{"start":{"line":43,"column":11},"end":{"line":43,"column":18}},{"start":{"line":43,"column":22},"end":{"line":43,"column":45}}],"line":42},"5":{"loc":{"start":{"line":50,"column":8},"end":{"line":52,"column":9}},"type":"if","locations":[{"start":{"line":50,"column":8},"end":{"line":52,"column":9}},{"start":{"line":50,"column":8},"end":{"line":52,"column":9}}],"line":50},"6":{"loc":{"start":{"line":50,"column":12},"end":{"line":50,"column":46}},"type":"binary-expr","locations":[{"start":{"line":50,"column":12},"end":{"line":50,"column":19}},{"start":{"line":50,"column":23},"end":{"line":50,"column":46}}],"line":50},"7":{"loc":{"start":{"line":56,"column":11},"end":{"line":67,"column":5}},"type":"if","locations":[{"start":{"line":56,"column":11},"end":{"line":67,"column":5}},{"start":{"line":56,"column":11},"end":{"line":67,"column":5}}],"line":56},"8":{"loc":{"start":{"line":61,"column":8},"end":{"line":65,"column":9}},"type":"if","locations":[{"start":{"line":61,"column":8},"end":{"line":65,"column":9}},{"start":{"line":61,"column":8},"end":{"line":65,"column":9}}],"line":61},"9":{"loc":{"start":{"line":61,"column":12},"end":{"line":61,"column":44}},"type":"binary-expr","locations":[{"start":{"line":61,"column":12},"end":{"line":61,"column":19}},{"start":{"line":61,"column":23},"end":{"line":61,"column":44}}],"line":61},"10":{"loc":{"start":{"line":90,"column":27},"end":{"line":90,"column":40}},"type":"default-arg","locations":[{"start":{"line":90,"column":36},"end":{"line":90,"column":40}}],"line":90},"11":{"loc":{"start":{"line":91,"column":2},"end":{"line":95,"column":3}},"type":"if","locations":[{"start":{"line":91,"column":2},"end":{"line":95,"column":3}},{"start":{"line":91,"column":2},"end":{"line":95,"column":3}}],"line":91}},"s":{"0":1,"1":10,"2":113,"3":42,"4":8,"5":34,"6":34,"7":87,"8":29,"9":58,"10":87,"11":12,"12":71,"13":16,"14":16,"15":45,"16":45,"17":10,"18":35,"19":10,"20":2,"21":5,"22":7,"23":2,"24":5,"25":7,"26":1},"f":{"0":10,"1":113,"2":2,"3":7},"b":{"0":[0],"1":[42,71],"2":[8,34],"3":[29,58],"4":[87,61,68,26],"5":[12,75],"6":[87,26],"7":[16,55],"8":[10,35],"9":[45,24],"10":[2],"11":[2,5]},"_coverageSchema":"43e27e138ebf9cfc5966b082cf9a028302ed4184","hash":"1c43272b758a1beb9b03e178243644896af6675d"}
,"/Users/cblack89/projects/deep-cleaner/utils.js": {"path":"/Users/cblack89/projects/deep-cleaner/utils.js","statementMap":{"0":{"start":{"line":11,"column":13},"end":{"line":13,"column":1}},"1":{"start":{"line":12,"column":2},"end":{"line":12,"column":44}},"2":{"start":{"line":20,"column":16},"end":{"line":22,"column":1}},"3":{"start":{"line":21,"column":2},"end":{"line":21,"column":76}},"4":{"start":{"line":29,"column":17},"end":{"line":31,"column":1}},"5":{"start":{"line":30,"column":2},"end":{"line":30,"column":40}},"6":{"start":{"line":45,"column":20},"end":{"line":50,"column":1}},"7":{"start":{"line":46,"column":2},"end":{"line":48,"column":3}},"8":{"start":{"line":47,"column":4},"end":{"line":47,"column":16}},"9":{"start":{"line":49,"column":2},"end":{"line":49,"column":43}},"10":{"start":{"line":57,"column":17},"end":{"line":59,"column":1}},"11":{"start":{"line":58,"column":2},"end":{"line":58,"column":40}},"12":{"start":{"line":66,"column":15},"end":{"line":68,"column":1}},"13":{"start":{"line":67,"column":2},"end":{"line":67,"column":38}},"14":{"start":{"line":75,"column":20},"end":{"line":77,"column":1}},"15":{"start":{"line":76,"column":2},"end":{"line":76,"column":43}},"16":{"start":{"line":87,"column":16},"end":{"line":95,"column":1}},"17":{"start":{"line":88,"column":2},"end":{"line":94,"column":3}},"18":{"start":{"line":97,"column":0},"end":{"line":106,"column":1}}},"fnMap":{"0":{"name":"(anonymous_0)","decl":{"start":{"line":11,"column":13},"end":{"line":11,"column":14}},"loc":{"start":{"line":11,"column":22},"end":{"line":13,"column":1}},"line":11},"1":{"name":"(anonymous_1)","decl":{"start":{"line":20,"column":16},"end":{"line":20,"column":17}},"loc":{"start":{"line":20,"column":25},"end":{"line":22,"column":1}},"line":20},"2":{"name":"(anonymous_2)","decl":{"start":{"line":29,"column":17},"end":{"line":29,"column":18}},"loc":{"start":{"line":29,"column":26},"end":{"line":31,"column":1}},"line":29},"3":{"name":"(anonymous_3)","decl":{"start":{"line":45,"column":20},"end":{"line":45,"column":21}},"loc":{"start":{"line":45,"column":29},"end":{"line":50,"column":1}},"line":45},"4":{"name":"(anonymous_4)","decl":{"start":{"line":57,"column":17},"end":{"line":57,"column":18}},"loc":{"start":{"line":57,"column":26},"end":{"line":59,"column":1}},"line":57},"5":{"name":"(anonymous_5)","decl":{"start":{"line":66,"column":15},"end":{"line":66,"column":16}},"loc":{"start":{"line":66,"column":24},"end":{"line":68,"column":1}},"line":66},"6":{"name":"(anonymous_6)","decl":{"start":{"line":75,"column":20},"end":{"line":75,"column":21}},"loc":{"start":{"line":75,"column":29},"end":{"line":77,"column":1}},"line":75},"7":{"name":"(anonymous_7)","decl":{"start":{"line":87,"column":16},"end":{"line":87,"column":17}},"loc":{"start":{"line":87,"column":25},"end":{"line":95,"column":1}},"line":87}},"branchMap":{"0":{"loc":{"start":{"line":21,"column":9},"end":{"line":21,"column":76}},"type":"cond-expr","locations":[{"start":{"line":21,"column":25},"end":{"line":21,"column":43}},{"start":{"line":21,"column":46},"end":{"line":21,"column":76}}],"line":21},"1":{"loc":{"start":{"line":46,"column":2},"end":{"line":48,"column":3}},"type":"if","locations":[{"start":{"line":46,"column":2},"end":{"line":48,"column":3}},{"start":{"line":46,"column":2},"end":{"line":48,"column":3}}],"line":46},"2":{"loc":{"start":{"line":49,"column":11},"end":{"line":49,"column":42}},"type":"binary-expr","locations":[{"start":{"line":49,"column":11},"end":{"line":49,"column":22}},{"start":{"line":49,"column":26},"end":{"line":49,"column":42}}],"line":49},"3":{"loc":{"start":{"line":89,"column":4},"end":{"line":93,"column":58}},"type":"binary-expr","locations":[{"start":{"line":89,"column":4},"end":{"line":89,"column":20}},{"start":{"line":90,"column":10},"end":{"line":90,"column":21}},{"start":{"line":91,"column":11},"end":{"line":91,"column":24}},{"start":{"line":91,"column":28},"end":{"line":91,"column":44}},{"start":{"line":92,"column":11},"end":{"line":92,"column":23}},{"start":{"line":92,"column":27},"end":{"line":92,"column":43}},{"start":{"line":93,"column":11},"end":{"line":93,"column":24}},{"start":{"line":93,"column":28},"end":{"line":93,"column":57}}],"line":89}},"s":{"0":2,"1":437,"2":2,"3":144,"4":2,"5":173,"6":2,"7":10,"8":1,"9":9,"10":2,"11":72,"12":2,"13":86,"14":2,"15":100,"16":2,"17":86,"18":2},"f":{"0":437,"1":144,"2":173,"3":10,"4":72,"5":86,"6":100,"7":86},"b":{"0":[144,0],"1":[1,9],"2":[9,8],"3":[86,70,65,15,60,15,54,17]},"_coverageSchema":"43e27e138ebf9cfc5966b082cf9a028302ed4184","hash":"6a9feaf17f8aa9b831f4eea1b7847f49e36ec694"}
}
