TN:
SF:/Users/cblack89/projects/deep-cleaner/index.js
FN:24,cleanCyclicObject
FN:27,recursiveClean
FN:78,removeKeyLoop
FN:90,deepCleaner
FNF:4
FNH:4
FNDA:10,cleanCyclicObject
FNDA:113,recursiveClean
FNDA:2,removeKeyLoop
FNDA:7,deepCleaner
DA:8,1
DA:25,10
DA:29,113
DA:31,42
DA:32,8
DA:38,34
DA:40,34
DA:41,87
DA:45,29
DA:47,58
DA:50,87
DA:51,12
DA:56,71
DA:57,16
DA:58,16
DA:59,45
DA:61,45
DA:62,10
DA:64,35
DA:70,10
DA:79,2
DA:80,5
DA:91,7
DA:92,2
DA:94,5
DA:97,7
DA:100,1
LF:27
LH:27
BRDA:24,0,0,0
BRDA:29,1,0,42
BRDA:29,1,1,71
BRDA:31,2,0,8
BRDA:31,2,1,34
BRDA:41,3,0,29
BRDA:41,3,1,58
BRDA:42,4,0,87
BRDA:42,4,1,61
BRDA:42,4,2,68
BRDA:42,4,3,26
BRDA:50,5,0,12
BRDA:50,5,1,75
BRDA:50,6,0,87
BRDA:50,6,1,26
BRDA:56,7,0,16
BRDA:56,7,1,55
BRDA:61,8,0,10
BRDA:61,8,1,35
BRDA:61,9,0,45
BRDA:61,9,1,24
BRDA:90,10,0,2
BRDA:91,11,0,2
BRDA:91,11,1,5
BRF:24
BRH:23
end_of_record
TN:
SF:/Users/cblack89/projects/deep-cleaner/utils.js
FN:11,(anonymous_0)
FN:20,(anonymous_1)
FN:29,(anonymous_2)
FN:45,(anonymous_3)
FN:57,(anonymous_4)
FN:66,(anonymous_5)
FN:75,(anonymous_6)
FN:87,(anonymous_7)
FNF:8
FNH:8
FNDA:437,(anonymous_0)
FNDA:144,(anonymous_1)
FNDA:173,(anonymous_2)
FNDA:10,(anonymous_3)
FNDA:72,(anonymous_4)
FNDA:86,(anonymous_5)
FNDA:100,(anonymous_6)
FNDA:86,(anonymous_7)
DA:11,2
DA:12,437
DA:20,2
DA:21,144
DA:29,2
DA:30,173
DA:45,2
DA:46,10
DA:47,1
DA:49,9
DA:57,2
DA:58,72
DA:66,2
DA:67,86
DA:75,2
DA:76,100
DA:87,2
DA:88,86
DA:97,2
LF:19
LH:19
BRDA:21,0,0,144
BRDA:21,0,1,0
BRDA:46,1,0,1
BRDA:46,1,1,9
BRDA:49,2,0,9
BRDA:49,2,1,8
BRDA:89,3,0,86
BRDA:89,3,1,70
BRDA:89,3,2,65
BRDA:89,3,3,15
BRDA:89,3,4,60
BRDA:89,3,5,15
BRDA:89,3,6,54
BRDA:89,3,7,17
BRF:14
BRH:13
end_of_record
